<?xml version="1.0" encoding="UTF-8"?>
<!-- Generated by org.testng.reporters.JUnitReportReporter -->
<testsuite hostname="MAVBCP3278" failures="0" tests="2" name="com.picninc.testcases.CrossBrowserTesting" time="69.008" errors="0" timestamp="2021-09-15T14:32:41 IST" skipped="0">
  <testcase classname="com.picninc.testcases.CrossBrowserTesting" name="testParameterWithXML" time="42.515"/>
  <system-out/>
  <testcase classname="com.picninc.testcases.CrossBrowserTesting" name="testParameterWithXML" time="26.493"/>
  <system-out/>
</testsuite> <!-- com.picninc.testcases.CrossBrowserTesting -->
