<?xml version="1.0" encoding="UTF-8"?>
<!-- Generated by org.testng.reporters.JUnitReportReporter -->
<testsuite hostname="MAVBCP3278" failures="0" tests="2" name="com.picninc.testcases.RecorderScript" time="39.207" errors="0" timestamp="2021-09-15T15:20:59 IST" skipped="0">
  <testcase classname="com.picninc.testcases.RecorderScript" name="testParameterWithXML" time="17.981"/>
  <system-out/>
  <testcase classname="com.picninc.testcases.RecorderScript" name="testParameterWithXML" time="21.226"/>
  <system-out/>
</testsuite> <!-- com.picninc.testcases.RecorderScript -->
