<?xml version="1.0" encoding="UTF-8"?>
<!-- Generated by org.testng.reporters.JUnitReportReporter -->
<testsuite hostname="MAVBCP3278" failures="0" tests="1" name="com.picninc.testcases.VerifyWordPressLogin" time="30.104" errors="0" timestamp="2021-09-15T14:14:58 IST" skipped="0">
  <testcase classname="com.picninc.testcases.VerifyWordPressLogin" name="verifyValidLogin" time="30.104"/>
  <system-out/>
</testsuite> <!-- com.picninc.testcases.VerifyWordPressLogin -->
