<?xml version="1.0" encoding="UTF-8"?>
<!-- Generated by org.testng.reporters.JUnitReportReporter -->
<testsuite hostname="MAVBCP3278" failures="0" tests="2" name="SampleScript" time="21.704" errors="0" timestamp="2021-09-14T10:25:21 IST" skipped="0">
  <testcase classname="SampleScript" name="TestMethod2" time="10.207"/>
  <system-out/>
  <testcase classname="SampleScript" name="TestMethod" time="11.497"/>
  <system-out/>
</testsuite> <!-- SampleScript -->
