<?xml version="1.0" encoding="UTF-8"?>
<!-- Generated by org.testng.reporters.JUnitReportReporter -->
<testsuite skipped="0" hostname="MAVBCP3278" name="com.picninc.testcases.RecorderScript" tests="2" failures="0" timestamp="2021-09-17T09:23:53 IST" time="38.975" errors="0">
  <testcase name="testParameterWithXML" time="18.596" classname="com.picninc.testcases.RecorderScript"/>
  <system-out/>
  <testcase name="testParameterWithXML" time="20.379" classname="com.picninc.testcases.RecorderScript"/>
  <system-out/>
</testsuite> <!-- com.picninc.testcases.RecorderScript -->
